2026-03-29 10:09:03,148 - test - INFO - <string>:8 - <module>() - Test logging setup
2026-03-29 10:09:03,148 - test - DEBUG - <string>:9 - <module>() - Debug message test
2026-03-29 10:12:08,320 - gcp_picker.main - INFO - main.py:143 - main() - Starting GCP Picker application
2026-03-29 10:12:08,404 - gcp_picker.main - INFO - main.py:160 - main() - Qt application initialized
2026-03-29 10:12:08,481 - gcp_picker.main - WARNING - main.py:173 - main() - Could not configure QtWebEngine settings: type object 'QWebEngineView' has no attribute 'WebAttribute'
2026-03-29 10:12:08,481 - gcp_picker.main - INFO - main.py:176 - main() - Creating main window
2026-03-29 10:12:08,481 - app.viewers.leaflet_reference_viewer - INFO - leaflet_reference_viewer.py:56 - __init__() - Initializing Leaflet Reference Viewer
2026-03-29 10:12:08,481 - app.viewers.leaflet_reference_viewer - INFO - leaflet_reference_viewer.py:68 - __init__() - Web components initialized successfully
2026-03-29 10:12:41,600 - test - INFO - <string>:8 - <module>() - Testing Qt message handler
2026-03-29 10:13:57,843 - gcp_picker.main - INFO - main.py:143 - main() - Starting GCP Picker application
2026-03-29 10:13:57,941 - gcp_picker.main - INFO - main.py:160 - main() - Qt application initialized
2026-03-29 10:13:58,026 - gcp_picker.main - WARNING - main.py:176 - main() - Could not configure QtWebEngine settings: 'QWebEngineSettings' object has no attribute 'LocalStorageEnabled'
2026-03-29 10:13:58,026 - gcp_picker.main - INFO - main.py:179 - main() - Creating main window
2026-03-29 10:13:58,029 - app.viewers.leaflet_reference_viewer - INFO - leaflet_reference_viewer.py:56 - __init__() - Initializing Leaflet Reference Viewer
2026-03-29 10:13:58,029 - app.viewers.leaflet_reference_viewer - INFO - leaflet_reference_viewer.py:68 - __init__() - Web components initialized successfully
2026-03-29 10:16:08,050 - gcp_picker.main - INFO - main.py:146 - main() - Starting GCP Picker application
2026-03-29 10:16:08,169 - gcp_picker.main - INFO - main.py:161 - main() - Qt application initialized
2026-03-29 10:16:08,333 - gcp_picker.main - WARNING - main.py:177 - main() - Could not configure QtWebEngine settings: setAttribute(self, attr: QWebEngineSettings.WebAttribute, on: bool): argument 1 has unexpected type 'str'
2026-03-29 10:16:08,334 - gcp_picker.main - INFO - main.py:180 - main() - Creating main window
2026-03-29 10:16:08,337 - app.viewers.leaflet_reference_viewer - INFO - leaflet_reference_viewer.py:56 - __init__() - Initializing Leaflet Reference Viewer
2026-03-29 10:16:08,337 - app.viewers.leaflet_reference_viewer - INFO - leaflet_reference_viewer.py:68 - __init__() - Web components initialized successfully
2026-03-29 10:16:08,598 - gcp_picker.main - INFO - main.py:184 - main() - Application ready - entering main event loop
2026-03-29 10:16:14,765 - app.viewers.leaflet_reference_viewer - INFO - leaflet_reference_viewer.py:332 - on_imagery_service_changed() - Changing imagery service to: NAIP CONUS (ArcGIS)
2026-03-29 10:16:14,768 - app.viewers.leaflet_reference_viewer - INFO - leaflet_reference_viewer.py:364 - on_imagery_service_changed() - Successfully loaded imagery service: NAIP CONUS (ArcGIS)
2026-03-29 10:18:02,386 - gcp_picker.main - INFO - main.py:146 - main() - Starting GCP Picker application
2026-03-29 10:18:02,469 - gcp_picker.main - INFO - main.py:161 - main() - Qt application initialized
2026-03-29 10:18:02,547 - gcp_picker.main - INFO - main.py:170 - main() - Skipping QtWebEngine settings configuration
2026-03-29 10:18:02,548 - gcp_picker.main - INFO - main.py:176 - main() - Creating main window
2026-03-29 10:18:02,549 - app.viewers.leaflet_reference_viewer - INFO - leaflet_reference_viewer.py:56 - __init__() - Initializing Leaflet Reference Viewer
2026-03-29 10:19:48,072 - gcp_picker.main - INFO - main.py:146 - main() - Starting GCP Picker application
2026-03-29 10:19:48,161 - gcp_picker.main - INFO - main.py:161 - main() - Qt application initialized
2026-03-29 10:19:48,240 - gcp_picker.main - INFO - main.py:170 - main() - Skipping QtWebEngine settings configuration
2026-03-29 10:19:48,240 - gcp_picker.main - INFO - main.py:176 - main() - Creating main window
2026-03-29 10:19:48,240 - app.viewers.leaflet_reference_viewer - INFO - leaflet_reference_viewer.py:56 - __init__() - Initializing Leaflet Reference Viewer
2026-03-29 10:19:48,241 - app.viewers.leaflet_reference_viewer - INFO - leaflet_reference_viewer.py:68 - __init__() - Web components initialized successfully
2026-03-29 10:20:38,988 - gcp_picker.main - INFO - main.py:146 - main() - Starting GCP Picker application
2026-03-29 10:20:39,074 - gcp_picker.main - INFO - main.py:161 - main() - Qt application initialized
2026-03-29 10:20:39,154 - gcp_picker.main - INFO - main.py:170 - main() - Skipping QtWebEngine settings configuration
2026-03-29 10:20:39,154 - gcp_picker.main - INFO - main.py:176 - main() - Creating main window
2026-03-29 10:20:39,155 - app.viewers.leaflet_reference_viewer - INFO - leaflet_reference_viewer.py:56 - __init__() - Initializing Leaflet Reference Viewer
2026-03-29 10:20:39,155 - app.viewers.leaflet_reference_viewer - INFO - leaflet_reference_viewer.py:68 - __init__() - Web components initialized successfully
2026-03-29 10:20:39,322 - gcp_picker.main - INFO - main.py:180 - main() - Application ready - entering main event loop
2026-03-29 10:20:47,077 - app.viewers.leaflet_reference_viewer - INFO - leaflet_reference_viewer.py:395 - on_imagery_service_changed() - Changing imagery service to: Esri World Imagery
2026-03-29 10:20:47,078 - app.viewers.leaflet_reference_viewer - INFO - leaflet_reference_viewer.py:427 - on_imagery_service_changed() - Successfully loaded imagery service: Esri World Imagery
2026-03-29 10:22:28,904 - gcp_picker.main - INFO - main.py:146 - main() - Starting GCP Picker application
2026-03-29 10:22:29,002 - gcp_picker.main - INFO - main.py:161 - main() - Qt application initialized
2026-03-29 10:22:29,080 - gcp_picker.main - INFO - main.py:170 - main() - Skipping QtWebEngine settings configuration
2026-03-29 10:22:29,080 - gcp_picker.main - INFO - main.py:176 - main() - Creating main window
2026-03-29 10:22:29,081 - app.viewers.leaflet_reference_viewer - INFO - leaflet_reference_viewer.py:56 - __init__() - Initializing Leaflet Reference Viewer
2026-03-29 10:22:29,081 - app.viewers.leaflet_reference_viewer - INFO - leaflet_reference_viewer.py:68 - __init__() - Web components initialized successfully
2026-03-29 10:22:29,082 - app.viewers.leaflet_reference_viewer - INFO - leaflet_reference_viewer.py:138 - setup_web_channel() - Web channel set up successfully
2026-03-29 10:22:29,255 - gcp_picker.main - INFO - main.py:180 - main() - Application ready - entering main event loop
2026-03-29 10:24:27,486 - gcp_picker.main - INFO - main.py:146 - main() - Starting GCP Picker application
2026-03-29 10:24:27,573 - gcp_picker.main - INFO - main.py:161 - main() - Qt application initialized
2026-03-29 10:24:27,651 - gcp_picker.main - INFO - main.py:170 - main() - Skipping QtWebEngine settings configuration
2026-03-29 10:24:27,652 - gcp_picker.main - INFO - main.py:176 - main() - Creating main window
2026-03-29 10:24:27,652 - app.viewers.leaflet_reference_viewer - INFO - leaflet_reference_viewer.py:56 - __init__() - Initializing Leaflet Reference Viewer
2026-03-29 10:24:27,652 - app.viewers.leaflet_reference_viewer - INFO - leaflet_reference_viewer.py:68 - __init__() - Web components initialized successfully
2026-03-29 10:24:27,653 - app.viewers.leaflet_reference_viewer - INFO - leaflet_reference_viewer.py:138 - setup_web_channel() - Web channel set up successfully
2026-03-29 10:24:27,818 - gcp_picker.main - INFO - main.py:180 - main() - Application ready - entering main event loop
2026-03-29 10:24:36,455 - app.viewers.leaflet_reference_viewer - INFO - leaflet_reference_viewer.py:430 - on_imagery_service_changed() - Changing imagery service to: Esri World Imagery
2026-03-29 10:24:36,456 - app.viewers.leaflet_reference_viewer - INFO - leaflet_reference_viewer.py:462 - on_imagery_service_changed() - Successfully loaded imagery service: Esri World Imagery
2026-03-29 10:27:06,189 - gcp_picker.main - INFO - main.py:146 - main() - Starting GCP Picker application
2026-03-29 10:27:06,277 - gcp_picker.main - INFO - main.py:161 - main() - Qt application initialized
2026-03-29 10:27:06,356 - gcp_picker.main - INFO - main.py:170 - main() - Skipping QtWebEngine settings configuration
2026-03-29 10:27:06,356 - gcp_picker.main - INFO - main.py:176 - main() - Creating main window
2026-03-29 10:27:06,357 - app.viewers.leaflet_reference_viewer - INFO - leaflet_reference_viewer.py:64 - __init__() - Initializing Leaflet Reference Viewer
2026-03-29 10:27:06,357 - app.viewers.leaflet_reference_viewer - INFO - leaflet_reference_viewer.py:76 - __init__() - Web components initialized successfully
2026-03-29 10:27:06,358 - app.viewers.leaflet_reference_viewer - INFO - leaflet_reference_viewer.py:146 - setup_web_channel() - Web channel set up successfully
2026-03-29 10:27:06,521 - gcp_picker.main - INFO - main.py:180 - main() - Application ready - entering main event loop
2026-03-29 10:27:19,279 - app.viewers.leaflet_reference_viewer - INFO - leaflet_reference_viewer.py:359 - on_imagery_service_changed() - Changing imagery service to: Esri World Imagery
2026-03-29 10:27:19,280 - app.viewers.leaflet_reference_viewer - INFO - leaflet_reference_viewer.py:391 - on_imagery_service_changed() - Successfully loaded imagery service: Esri World Imagery
2026-03-29 10:28:32,687 - gcp_picker.main - INFO - main.py:146 - main() - Starting GCP Picker application
2026-03-29 10:28:32,773 - gcp_picker.main - INFO - main.py:161 - main() - Qt application initialized
2026-03-29 10:28:32,850 - gcp_picker.main - INFO - main.py:170 - main() - Skipping QtWebEngine settings configuration
2026-03-29 10:28:32,851 - gcp_picker.main - INFO - main.py:176 - main() - Creating main window
2026-03-29 10:28:32,851 - app.viewers.leaflet_reference_viewer - INFO - leaflet_reference_viewer.py:65 - __init__() - Initializing Leaflet Reference Viewer
2026-03-29 10:28:32,851 - app.viewers.leaflet_reference_viewer - INFO - leaflet_reference_viewer.py:77 - __init__() - Web components initialized successfully
2026-03-29 10:28:32,852 - app.viewers.leaflet_reference_viewer - INFO - leaflet_reference_viewer.py:147 - setup_web_channel() - Web channel set up successfully
2026-03-29 10:28:33,010 - gcp_picker.main - INFO - main.py:180 - main() - Application ready - entering main event loop
2026-03-29 10:28:35,691 - app.viewers.leaflet_reference_viewer - INFO - leaflet_reference_viewer.py:364 - on_imagery_service_changed() - Changing imagery service to: Esri World Imagery
2026-03-29 10:28:35,693 - app.viewers.leaflet_reference_viewer - INFO - leaflet_reference_viewer.py:396 - on_imagery_service_changed() - Successfully loaded imagery service: Esri World Imagery
2026-03-29 10:29:35,462 - gcp_picker.main - INFO - main.py:146 - main() - Starting GCP Picker application
2026-03-29 10:29:35,553 - gcp_picker.main - INFO - main.py:161 - main() - Qt application initialized
2026-03-29 10:29:35,632 - gcp_picker.main - INFO - main.py:170 - main() - Skipping QtWebEngine settings configuration
2026-03-29 10:29:35,632 - gcp_picker.main - INFO - main.py:176 - main() - Creating main window
2026-03-29 10:29:35,632 - app.viewers.leaflet_reference_viewer - INFO - leaflet_reference_viewer.py:65 - __init__() - Initializing Leaflet Reference Viewer
2026-03-29 10:29:35,632 - app.viewers.leaflet_reference_viewer - INFO - leaflet_reference_viewer.py:77 - __init__() - Web components initialized successfully
2026-03-29 10:29:35,634 - app.viewers.leaflet_reference_viewer - INFO - leaflet_reference_viewer.py:147 - setup_web_channel() - Web channel set up successfully
2026-03-29 10:29:35,802 - gcp_picker.main - INFO - main.py:180 - main() - Application ready - entering main event loop
2026-03-29 10:29:40,134 - app.viewers.leaflet_reference_viewer - INFO - leaflet_reference_viewer.py:383 - on_imagery_service_changed() - Changing imagery service to: Esri World Imagery
2026-03-29 10:29:40,135 - app.viewers.leaflet_reference_viewer - INFO - leaflet_reference_viewer.py:415 - on_imagery_service_changed() - Successfully loaded imagery service: Esri World Imagery
2026-03-29 10:30:29,863 - gcp_picker.main - INFO - main.py:146 - main() - Starting GCP Picker application
2026-03-29 10:30:29,952 - gcp_picker.main - INFO - main.py:161 - main() - Qt application initialized
2026-03-29 10:30:30,035 - gcp_picker.main - INFO - main.py:170 - main() - Skipping QtWebEngine settings configuration
2026-03-29 10:30:30,035 - gcp_picker.main - INFO - main.py:176 - main() - Creating main window
2026-03-29 10:30:30,035 - app.viewers.leaflet_reference_viewer - INFO - leaflet_reference_viewer.py:66 - __init__() - Initializing Leaflet Reference Viewer
2026-03-29 10:30:30,036 - app.viewers.leaflet_reference_viewer - INFO - leaflet_reference_viewer.py:79 - __init__() - Web components initialized successfully
2026-03-29 10:30:30,037 - app.viewers.leaflet_reference_viewer - INFO - leaflet_reference_viewer.py:158 - setup_web_channel() - Web channel set up successfully
2026-03-29 10:30:30,218 - gcp_picker.main - INFO - main.py:180 - main() - Application ready - entering main event loop
2026-03-29 10:30:33,294 - app.viewers.leaflet_reference_viewer - INFO - leaflet_reference_viewer.py:394 - on_imagery_service_changed() - Changing imagery service to: Esri World Imagery
2026-03-29 10:30:33,294 - app.viewers.leaflet_reference_viewer - INFO - leaflet_reference_viewer.py:426 - on_imagery_service_changed() - Successfully loaded imagery service: Esri World Imagery
2026-03-29 10:30:52,725 - gcp_picker.main - INFO - main.py:146 - main() - Starting GCP Picker application
2026-03-29 10:30:52,820 - gcp_picker.main - INFO - main.py:161 - main() - Qt application initialized
2026-03-29 10:30:52,903 - gcp_picker.main - INFO - main.py:170 - main() - Skipping QtWebEngine settings configuration
2026-03-29 10:30:52,903 - gcp_picker.main - INFO - main.py:176 - main() - Creating main window
2026-03-29 10:30:52,903 - app.viewers.leaflet_reference_viewer - INFO - leaflet_reference_viewer.py:66 - __init__() - Initializing Leaflet Reference Viewer
2026-03-29 10:30:52,903 - app.viewers.leaflet_reference_viewer - INFO - leaflet_reference_viewer.py:79 - __init__() - Web components initialized successfully
2026-03-29 10:30:52,905 - app.viewers.leaflet_reference_viewer - INFO - leaflet_reference_viewer.py:158 - setup_web_channel() - Web channel set up successfully
2026-03-29 10:30:53,073 - gcp_picker.main - INFO - main.py:180 - main() - Application ready - entering main event loop
2026-03-29 10:31:14,707 - app.viewers.leaflet_reference_viewer - INFO - leaflet_reference_viewer.py:394 - on_imagery_service_changed() - Changing imagery service to: Esri World Imagery
2026-03-29 10:31:14,707 - app.viewers.leaflet_reference_viewer - INFO - leaflet_reference_viewer.py:426 - on_imagery_service_changed() - Successfully loaded imagery service: Esri World Imagery
2026-03-29 10:33:01,929 - gcp_picker.main - INFO - main.py:146 - main() - Starting GCP Picker application
2026-03-29 10:33:02,019 - gcp_picker.main - INFO - main.py:161 - main() - Qt application initialized
2026-03-29 10:33:02,097 - gcp_picker.main - INFO - main.py:170 - main() - Skipping QtWebEngine settings configuration
2026-03-29 10:33:02,097 - gcp_picker.main - INFO - main.py:176 - main() - Creating main window
2026-03-29 10:33:02,097 - app.viewers.leaflet_reference_viewer - INFO - leaflet_reference_viewer.py:66 - __init__() - Initializing Leaflet Reference Viewer
2026-03-29 10:33:02,098 - app.viewers.leaflet_reference_viewer - INFO - leaflet_reference_viewer.py:79 - __init__() - Web components initialized successfully
2026-03-29 10:33:02,099 - app.viewers.leaflet_reference_viewer - INFO - leaflet_reference_viewer.py:165 - setup_web_channel() - Web channel set up successfully
2026-03-29 10:33:02,263 - gcp_picker.main - INFO - main.py:180 - main() - Application ready - entering main event loop
2026-03-29 10:34:23,334 - gcp_picker.main - INFO - main.py:146 - main() - Starting GCP Picker application
2026-03-29 10:34:23,428 - gcp_picker.main - INFO - main.py:161 - main() - Qt application initialized
2026-03-29 10:34:23,581 - gcp_picker.main - INFO - main.py:170 - main() - Skipping QtWebEngine settings configuration
2026-03-29 10:34:23,581 - gcp_picker.main - INFO - main.py:176 - main() - Creating main window
2026-03-29 10:34:23,584 - app.viewers.leaflet_reference_viewer - INFO - leaflet_reference_viewer.py:66 - __init__() - Initializing Leaflet Reference Viewer
2026-03-29 10:34:23,584 - app.viewers.leaflet_reference_viewer - INFO - leaflet_reference_viewer.py:79 - __init__() - Web components initialized successfully
2026-03-29 10:34:23,593 - app.viewers.leaflet_reference_viewer - INFO - leaflet_reference_viewer.py:165 - setup_web_channel() - Web channel set up successfully
2026-03-29 10:34:23,814 - gcp_picker.main - INFO - main.py:180 - main() - Application ready - entering main event loop
2026-03-29 17:05:12,418 - gcp_picker.main - INFO - main.py:146 - main() - Starting GCP Picker application
2026-03-29 17:05:12,522 - gcp_picker.main - INFO - main.py:161 - main() - Qt application initialized
2026-03-29 17:05:12,676 - gcp_picker.main - INFO - main.py:170 - main() - Skipping QtWebEngine settings configuration
2026-03-29 17:05:12,676 - gcp_picker.main - INFO - main.py:176 - main() - Creating main window
2026-03-29 17:05:12,679 - app.viewers.leaflet_reference_viewer - INFO - leaflet_reference_viewer.py:66 - __init__() - Initializing Leaflet Reference Viewer
2026-03-29 17:05:12,679 - app.viewers.leaflet_reference_viewer - INFO - leaflet_reference_viewer.py:79 - __init__() - Web components initialized successfully
2026-03-29 17:05:12,689 - app.viewers.leaflet_reference_viewer - INFO - leaflet_reference_viewer.py:165 - setup_web_channel() - Web channel set up successfully
2026-03-29 17:05:12,915 - gcp_picker.main - INFO - main.py:180 - main() - Application ready - entering main event loop
2026-03-29 17:05:31,325 - app.viewers.leaflet_reference_viewer - INFO - leaflet_reference_viewer.py:401 - on_imagery_service_changed() - Changing imagery service to: NAIP CONUS (ArcGIS)
2026-03-29 17:05:31,326 - app.viewers.leaflet_reference_viewer - INFO - leaflet_reference_viewer.py:433 - on_imagery_service_changed() - Successfully loaded imagery service: NAIP CONUS (ArcGIS)
2026-03-29 17:05:43,847 - app.viewers.leaflet_reference_viewer - INFO - leaflet_reference_viewer.py:401 - on_imagery_service_changed() - Changing imagery service to: Esri World Imagery
2026-03-29 17:05:43,848 - app.viewers.leaflet_reference_viewer - INFO - leaflet_reference_viewer.py:433 - on_imagery_service_changed() - Successfully loaded imagery service: Esri World Imagery
2026-03-29 19:00:09,643 - gcp_picker.main - INFO - main.py:152 - main() - Starting GCP Picker application
2026-03-29 19:00:09,767 - gcp_picker.main - INFO - main.py:167 - main() - Qt application initialized
2026-03-29 19:00:09,959 - gcp_picker.main - INFO - main.py:176 - main() - Skipping QtWebEngine settings configuration
2026-03-29 19:00:09,959 - gcp_picker.main - INFO - main.py:182 - main() - Creating main window
2026-03-29 19:00:09,962 - app.viewers.leaflet_reference_viewer - INFO - leaflet_reference_viewer.py:66 - __init__() - Initializing Leaflet Reference Viewer
2026-03-29 19:00:09,963 - app.viewers.leaflet_reference_viewer - INFO - leaflet_reference_viewer.py:79 - __init__() - Web components initialized successfully
2026-03-29 19:00:09,974 - app.viewers.leaflet_reference_viewer - INFO - leaflet_reference_viewer.py:165 - setup_web_channel() - Web channel set up successfully
2026-03-29 19:00:10,257 - gcp_picker.main - INFO - main.py:188 - main() - Loading collection from command line: /Users/marvin/Library/Mobile Documents/com~apple~CloudDocs/Desktop/collection
2026-03-29 19:00:12,221 - gcp_picker.main - INFO - main.py:191 - main() - Application ready - entering main event loop
2026-03-29 19:00:19,229 - gcp_picker.main - INFO - main.py:152 - main() - Starting GCP Picker application
2026-03-29 19:00:19,316 - gcp_picker.main - INFO - main.py:167 - main() - Qt application initialized
2026-03-29 19:00:19,392 - gcp_picker.main - INFO - main.py:176 - main() - Skipping QtWebEngine settings configuration
2026-03-29 19:00:19,392 - gcp_picker.main - INFO - main.py:182 - main() - Creating main window
2026-03-29 19:00:19,392 - app.viewers.leaflet_reference_viewer - INFO - leaflet_reference_viewer.py:66 - __init__() - Initializing Leaflet Reference Viewer
2026-03-29 19:00:19,393 - app.viewers.leaflet_reference_viewer - INFO - leaflet_reference_viewer.py:79 - __init__() - Web components initialized successfully
2026-03-29 19:00:19,394 - app.viewers.leaflet_reference_viewer - INFO - leaflet_reference_viewer.py:165 - setup_web_channel() - Web channel set up successfully
2026-03-29 19:00:19,574 - gcp_picker.main - INFO - main.py:188 - main() - Loading collection from command line: /Users/marvin/Library/Mobile Documents/com~apple~CloudDocs/Desktop/collection/collection_config.toml
2026-03-29 19:00:48,624 - app.viewers.leaflet_reference_viewer - INFO - leaflet_reference_viewer.py:522 - set_center() - Set map center to (39.7392, -104.9903) zoom 12
2026-03-29 19:00:48,624 - gcp_picker.main - INFO - main.py:191 - main() - Application ready - entering main event loop
2026-03-29 19:04:54,759 - gcp_picker.main - INFO - main.py:152 - main() - Starting GCP Picker application
2026-03-29 19:04:54,842 - gcp_picker.main - INFO - main.py:167 - main() - Qt application initialized
2026-03-29 19:04:54,921 - gcp_picker.main - INFO - main.py:176 - main() - Skipping QtWebEngine settings configuration
2026-03-29 19:04:54,921 - gcp_picker.main - INFO - main.py:182 - main() - Creating main window
2026-03-29 19:04:54,922 - app.viewers.leaflet_reference_viewer - INFO - leaflet_reference_viewer.py:66 - __init__() - Initializing Leaflet Reference Viewer
2026-03-29 19:04:54,922 - app.viewers.leaflet_reference_viewer - INFO - leaflet_reference_viewer.py:79 - __init__() - Web components initialized successfully
2026-03-29 19:04:54,924 - app.viewers.leaflet_reference_viewer - INFO - leaflet_reference_viewer.py:165 - setup_web_channel() - Web channel set up successfully
2026-03-29 19:04:55,118 - gcp_picker.main - INFO - main.py:188 - main() - Loading collection from command line: /Users/marvin/Library/Mobile Documents/com~apple~CloudDocs/Desktop/collection/collection_config.toml
2026-03-29 19:04:57,036 - app.viewers.leaflet_reference_viewer - INFO - leaflet_reference_viewer.py:522 - set_center() - Set map center to (39.7392, -104.9903) zoom 12
2026-03-29 19:04:57,036 - gcp_picker.main - INFO - main.py:191 - main() - Application ready - entering main event loop
2026-03-29 19:13:11,107 - gcp_picker.main - INFO - main.py:152 - main() - Starting GCP Picker application
2026-03-29 19:13:11,202 - gcp_picker.main - INFO - main.py:167 - main() - Qt application initialized
2026-03-29 19:13:11,285 - gcp_picker.main - INFO - main.py:176 - main() - Skipping QtWebEngine settings configuration
2026-03-29 19:13:11,285 - gcp_picker.main - INFO - main.py:182 - main() - Creating main window
2026-03-29 19:13:11,286 - app.viewers.leaflet_reference_viewer - INFO - leaflet_reference_viewer.py:67 - __init__() - Initializing Leaflet Reference Viewer
2026-03-29 19:13:11,286 - app.viewers.leaflet_reference_viewer - INFO - leaflet_reference_viewer.py:80 - __init__() - Web components initialized successfully
2026-03-29 19:13:11,288 - app.viewers.leaflet_reference_viewer - INFO - leaflet_reference_viewer.py:166 - setup_web_channel() - Web channel set up successfully
2026-03-29 19:17:00,867 - gcp_picker.main - INFO - main.py:152 - main() - Starting GCP Picker application
2026-03-29 19:17:00,962 - gcp_picker.main - INFO - main.py:167 - main() - Qt application initialized
2026-03-29 19:17:01,047 - gcp_picker.main - INFO - main.py:176 - main() - Skipping QtWebEngine settings configuration
2026-03-29 19:17:01,047 - gcp_picker.main - INFO - main.py:182 - main() - Creating main window
2026-03-29 19:17:01,047 - app.viewers.leaflet_reference_viewer - INFO - leaflet_reference_viewer.py:67 - __init__() - Initializing Leaflet Reference Viewer
2026-03-29 19:17:01,048 - app.viewers.leaflet_reference_viewer - INFO - leaflet_reference_viewer.py:80 - __init__() - Web components initialized successfully
2026-03-29 19:17:01,049 - app.viewers.leaflet_reference_viewer - INFO - leaflet_reference_viewer.py:166 - setup_web_channel() - Web channel set up successfully
2026-03-29 19:25:39,941 - gcp_picker.main - INFO - main.py:152 - main() - Starting GCP Picker application
2026-03-29 19:25:40,039 - gcp_picker.main - INFO - main.py:167 - main() - Qt application initialized
2026-03-29 19:25:40,119 - gcp_picker.main - INFO - main.py:176 - main() - Skipping QtWebEngine settings configuration
2026-03-29 19:25:40,119 - gcp_picker.main - INFO - main.py:182 - main() - Creating main window
2026-03-29 19:25:40,120 - app.viewers.leaflet_reference_viewer - INFO - leaflet_reference_viewer.py:67 - __init__() - Initializing Leaflet Reference Viewer
2026-03-29 19:25:40,120 - app.viewers.leaflet_reference_viewer - INFO - leaflet_reference_viewer.py:80 - __init__() - Web components initialized successfully
2026-03-29 19:25:40,121 - app.viewers.leaflet_reference_viewer - INFO - leaflet_reference_viewer.py:166 - setup_web_channel() - Web channel set up successfully
2026-03-29 19:25:40,332 - gcp_picker.main - INFO - main.py:188 - main() - Loading collection from command line: /Users/marvin/Library/Mobile Documents/com~apple~CloudDocs/Desktop/collection/collection_config.toml
2026-03-29 19:28:56,797 - gcp_picker.main - INFO - main.py:152 - main() - Starting GCP Picker application
2026-03-29 19:28:56,887 - gcp_picker.main - INFO - main.py:167 - main() - Qt application initialized
2026-03-29 19:28:56,969 - gcp_picker.main - INFO - main.py:176 - main() - Skipping QtWebEngine settings configuration
2026-03-29 19:28:56,969 - gcp_picker.main - INFO - main.py:182 - main() - Creating main window
2026-03-29 19:28:56,969 - app.viewers.leaflet_reference_viewer - INFO - leaflet_reference_viewer.py:67 - __init__() - Initializing Leaflet Reference Viewer
2026-03-29 19:28:56,970 - app.viewers.leaflet_reference_viewer - INFO - leaflet_reference_viewer.py:80 - __init__() - Web components initialized successfully
2026-03-29 19:28:56,971 - app.viewers.leaflet_reference_viewer - INFO - leaflet_reference_viewer.py:166 - setup_web_channel() - Web channel set up successfully
2026-03-29 19:28:57,185 - gcp_picker.main - INFO - main.py:188 - main() - Loading collection from command line: /Users/marvin/Library/Mobile Documents/com~apple~CloudDocs/Desktop/collection/collection_config.toml
2026-03-29 19:28:57,202 - app.core.imagery_api - ERROR - imagery_api.py:113 - get_imagery_info() - Error reading imagery info: GDAL is required for reading raster files
2026-03-29 19:28:59,249 - app.viewers.leaflet_reference_viewer - INFO - leaflet_reference_viewer.py:523 - set_center() - Set map center to (39.7392, -104.9903) zoom 12
2026-03-29 19:28:59,249 - gcp_picker.main - INFO - main.py:191 - main() - Application ready - entering main event loop
